09/11/2013 14:05:54 INICIANDO...
09/11/2013 14:05:54 1.3.4.2
09/11/2013 14:05:54 Usuário: marcos.sartori
09/11/2013 14:05:54 Verificando se Firefox está instalado...
09/11/2013 14:05:54 Firefox instalado, ajustando configurações necessárias...
09/11/2013 14:05:54 [Arquivo hosts] Verificando...
09/11/2013 14:05:54 [Arquivo hosts] Ok.
09/11/2013 14:05:54 [Atualização Windows Installer] Verificando...
09/11/2013 14:05:54 [Atualização Windows Installer] Ok.
09/11/2013 14:05:54 [Instalação de certificados raiz] Verificando...
09/11/2013 14:05:54 [Instalação de certificados raiz] Efetuando download do instalador...
09/11/2013 14:05:58 [Instalação de certificados raiz] Instalando...
09/11/2013 14:05:58 [Instalação de certificados raiz] Ok.
09/11/2013 14:05:58 [Terminal Services] Verificando...
09/11/2013 14:05:58 [Terminal Services] Ok.
09/11/2013 14:05:58 [Permissões dos arquivos do Stormfish] Verificando...
09/11/2013 14:05:58 [Permissões dos arquivos do Stormfish] Ok.
09/11/2013 14:05:58 [Instalação do Stormfish] Verificando...
09/11/2013 14:05:58 [Instalação do Stormfish] Efetuando download do instalador...
09/11/2013 14:06:23 [Instalação do Stormfish] Ocorreu um problema durante o download.
09/11/2013 14:06:23 [Limpeza do cache MZ] Verificando...
09/11/2013 14:06:26 [Limpeza do cache MZ] Limpando...
09/11/2013 14:06:26 [Limpeza do cache MZ] Ok.
09/11/2013 14:06:26 [Instalando certificados MZ] Verificando...
09/11/2013 14:06:26 [Instalando certificados MZ] Efetuando download do instalador...
09/11/2013 14:06:27 [Instalando certificados MZ] Instalando...
09/11/2013 14:06:27 [Instalando certificados MZ] Ok.
09/11/2013 14:06:27 [Sites confiáveis MZ] Verificando url(s) dos domínios confiáveis...
09/11/2013 14:06:29 [Sites confiáveis MZ] Ok.
09/11/2013 14:06:29 [Segurança MZ] Verificando...
09/11/2013 14:06:29 [Segurança MZ] Restaurando para o padrão...
09/11/2013 14:06:29 [Segurança MZ] Ok.
09/11/2013 14:06:29 [Ativação Plugin MZ] Verificando...
09/11/2013 14:06:29 [Ativação Plugin MZ] Está desabilitado, habilitando...
09/11/2013 14:06:29 [Ativação Plugin MZ] Ok.
09/11/2013 14:06:29 [Ativação do Plugin no Google Chrome] Verificando...
09/11/2013 14:06:29 [Ativação do Plugin no Google Chrome] O plugin do banco não está instalado.
09/11/2013 14:06:29 Foram detectados problemas durante a execução do processo.
09/11/2013 14:06:29 CONCLUÍDO.
