::1 - - [26/Aug/2017:20:07:42 -0300] "GET /phpmyadmin/ HTTP/1.1" 200 8024
::1 - - [26/Aug/2017:20:07:45 -0300] "GET /phpmyadmin/js/get_scripts.js.php?scripts[]=jquery/jquery-1.8.3.js&scripts[]=ajax.js&scripts[]=keyhandler.js&scripts[]=jquery/jquery-ui-1.9.2.custom.js&scripts[]=jquery/jquery.sprintf.js&scripts[]=jquery/jquery.cookie.js&scripts[]=jquery/jquery.mousewheel.js&scripts[]=jquery/jquery.event.drag-2.2.js&scripts[]=jquery/jquery-ui-timepicker-addon.js&scripts[]=jquery/jquery.ba-hashchange-1.3.js&scripts[]=jquery/jquery.debounce-1.0.5.js&scripts[]=jquery/jquery.menuResizer-1.0.js&scripts[]=rte.js&scripts[]=functions.js&scripts[]=navigation.js&scripts[]=indexes.js&scripts[]=common.js&scripts[]=codemirror/lib/codemirror.js&scripts[]=codemirror/mode/mysql/mysql.js HTTP/1.1" 200 578562
::1 - - [26/Aug/2017:20:07:45 -0300] "GET /phpmyadmin/phpmyadmin.css.php?server=1&token=ba335f2bad308072a55dbadf38a04dd4&nocache=4125195912ltr HTTP/1.1" 200 88608
::1 - - [26/Aug/2017:20:07:45 -0300] "GET /phpmyadmin/js/messages.php?lang=pt&db=&server=0&token=a5db0f3e9a76a36581a87ea934ed0247 HTTP/1.1" 200 18103
::1 - - [26/Aug/2017:20:07:45 -0300] "GET /phpmyadmin/js/get_image.js.php?theme=pmahomme HTTP/1.1" 200 6263
::1 - - [26/Aug/2017:20:07:53 -0300] "POST /phpmyadmin/index.php HTTP/1.1" 302 -
::1 - - [26/Aug/2017:20:07:53 -0300] "GET /phpmyadmin/index.php?token=ba335f2bad308072a55dbadf38a04dd4 HTTP/1.1" 200 47881
::1 - - [26/Aug/2017:20:07:54 -0300] "GET /phpmyadmin/phpmyadmin.css.php?server=1&token=ba335f2bad308072a55dbadf38a04dd4&nocache=5628984786ltr HTTP/1.1" 200 88608
::1 - - [26/Aug/2017:20:07:54 -0300] "GET /phpmyadmin/js/messages.php?lang=pt&db=&server=0&token=ba335f2bad308072a55dbadf38a04dd4 HTTP/1.1" 200 18103
::1 - - [26/Aug/2017:20:07:54 -0300] "GET /phpmyadmin/version_check.php?&_nocache=1503788874817782481 HTTP/1.1" 200 39
::1 - - [26/Aug/2017:20:07:58 -0300] "GET /phpmyadmin/navigation.php?ajax_request=1&token=ba335f2bad308072a55dbadf38a04dd4&aPath=cm9vdA%3D%3D.bGFuYWdyb19ycw%3D%3D&vPath=cm9vdA%3D%3D.bGFuYWdyb19ycw%3D%3D&pos=0&pos2_name=&pos2_value=&searchClause=&searchClause2=&_nocache=1503788878270726081 HTTP/1.1" 200 4041
::1 - - [26/Aug/2017:20:08:01 -0300] "GET /phpmyadmin/db_structure.php?server=1&db=lanagro_rs&token=ba335f2bad308072a55dbadf38a04dd4&ajax_request=true&ajax_page_request=true&menuHashes=5f6ef9c5&_nocache=1503788881842894456 HTTP/1.1" 200 90630
::1 - - [26/Aug/2017:20:08:02 -0300] "GET /phpmyadmin/js/get_scripts.js.php?scripts[]=db_structure.js&scripts[]=tbl_change.js HTTP/1.1" 200 12382
::1 - - [26/Aug/2017:20:08:05 -0300] "GET /phpmyadmin/version_check.php?&_nocache=1503788885956819921 HTTP/1.1" 200 39
::1 - - [26/Aug/2017:20:08:07 -0300] "GET /phpmyadmin/server_export.php?db=&token=ba335f2bad308072a55dbadf38a04dd4&ajax_request=true&ajax_page_request=true&menuHashes=5f6ef9c5-9ae8c9c3&_nocache=1503788887894767257 HTTP/1.1" 200 34127
::1 - - [26/Aug/2017:20:08:10 -0300] "GET /phpmyadmin/js/get_scripts.js.php?scripts[]=export.js HTTP/1.1" 200 5954
::1 - - [26/Aug/2017:20:08:30 -0300] "GET /phpmyadmin/db_structure.php?server=1&db=lanagro_rs&token=ba335f2bad308072a55dbadf38a04dd4&ajax_request=true&ajax_page_request=true&menuHashes=5f6ef9c5-9ae8c9c3-d7960c0e&_nocache=150378891014884605 HTTP/1.1" 200 87362
::1 - - [26/Aug/2017:20:08:33 -0300] "GET /phpmyadmin/db_export.php?db=lanagro_rs&token=ba335f2bad308072a55dbadf38a04dd4&ajax_request=true&ajax_page_request=true&menuHashes=5f6ef9c5-9ae8c9c3-d7960c0e&_nocache=1503788913285338868 HTTP/1.1" 200 38403
::1 - - [26/Aug/2017:20:08:39 -0300] "POST /phpmyadmin/export.php HTTP/1.1" 200 723163
::1 - - [26/Aug/2017:20:25:17 -0300] "GET / HTTP/1.1" 200 76909
::1 - - [26/Aug/2017:20:25:17 -0300] "GET /favicon.ico HTTP/1.1" 404 209
::1 - - [26/Aug/2017:20:25:19 -0300] "GET /sistema/tela_login.php HTTP/1.1" 200 2056
::1 - - [26/Aug/2017:20:25:41 -0300] "POST /sistema/login_adm.php HTTP/1.1" 302 -
::1 - - [26/Aug/2017:20:25:41 -0300] "GET /sistema/Contratos/link2_contrato.php?pagina=1 HTTP/1.1" 200 6334
::1 - - [26/Aug/2017:20:25:44 -0300] "GET /sistema/Documentos/pesquisa.php HTTP/1.1" 200 11446
::1 - - [26/Aug/2017:20:25:44 -0300] "GET /sistema/Documentos/images/bg_header.jpg HTTP/1.1" 404 237
::1 - - [26/Aug/2017:20:25:59 -0300] "GET /sistema/Documentos/pesquisa.php HTTP/1.1" 200 11446
::1 - - [26/Aug/2017:20:25:59 -0300] "GET /sistema/Documentos/images/bg_header.jpg HTTP/1.1" 404 237
