2017-08-26 03:32:00 9816 [Note] Plugin 'FEDERATED' is disabled.
2017-08-26 03:32:00 9816 [Note] InnoDB: The InnoDB memory heap is disabled
2017-08-26 03:32:00 9816 [Note] InnoDB: Mutexes and rw_locks use Windows interlocked functions
2017-08-26 03:32:00 9816 [Note] InnoDB: Compressed tables use zlib 1.2.3
2017-08-26 03:32:00 9816 [Note] InnoDB: Not using CPU crc32 instructions
2017-08-26 03:32:00 9816 [Note] InnoDB: Initializing buffer pool, size = 128.0M
2017-08-26 03:32:00 9816 [Note] InnoDB: Completed initialization of buffer pool
2017-08-26 03:32:00 9816 [Note] InnoDB: Setting log file C:\Users\Marcos\OneDrive\Documentos\Tor Browser\USBWebserver v8.6\mysql\data\ib_logfile101 size to 5 MB
2017-08-26 03:32:00 9816 [Note] InnoDB: Setting log file C:\Users\Marcos\OneDrive\Documentos\Tor Browser\USBWebserver v8.6\mysql\data\ib_logfile1 size to 5 MB
2017-08-26 03:32:00 9816 [Note] InnoDB: Renaming log file C:\Users\Marcos\OneDrive\Documentos\Tor Browser\USBWebserver v8.6\mysql\data\ib_logfile101 to C:\Users\Marcos\OneDrive\Documentos\Tor Browser\USBWebserver v8.6\mysql\data\ib_logfile0
2017-08-26 03:32:00 9816 [Warning] InnoDB: New log files created, LSN=1626134
2017-08-26 03:32:00 9816 [Note] InnoDB: Highest supported file format is Barracuda.
2017-08-26 03:32:00 9816 [Note] InnoDB: 128 rollback segment(s) are active.
2017-08-26 03:32:00 9816 [Note] InnoDB: Waiting for purge to start
2017-08-26 03:32:01 9816 [Note] InnoDB: 5.6.13 started; log sequence number 1626636
2017-08-26 03:32:01 9816 [Warning] No existing UUID has been found, so we assume that this is the first time that this server has been started. Generating a new UUID: 447d7c1c-8a28-11e7-9d17-5404a6b0e162.
2017-08-26 03:32:01 9816 [Note] Server hostname (bind-address): '*'; port: 3307
2017-08-26 03:32:01 9816 [Note] IPv6 is available.
2017-08-26 03:32:01 9816 [Note]   - '::' resolves to '::';
2017-08-26 03:32:01 9816 [Note] Server socket created on IP: '::'.
2017-08-26 03:32:01 9816 [ERROR] Can't start server: Bind on TCP/IP port: No such file or directory
2017-08-26 03:32:01 9816 [ERROR] Do you already have another mysqld server running on port: 3307 ?
2017-08-26 03:32:01 9816 [ERROR] Aborting

2017-08-26 03:32:01 9816 [Note] Binlog end
2017-08-26 03:32:01 9816 [Note] Shutting down plugin 'partition'
2017-08-26 03:32:01 9816 [Note] Shutting down plugin 'PERFORMANCE_SCHEMA'
2017-08-26 03:32:01 9816 [Note] Shutting down plugin 'INNODB_SYS_DATAFILES'
2017-08-26 03:32:01 9816 [Note] Shutting down plugin 'INNODB_SYS_TABLESPACES'
2017-08-26 03:32:01 9816 [Note] Shutting down plugin 'INNODB_SYS_FOREIGN_COLS'
2017-08-26 03:32:01 9816 [Note] Shutting down plugin 'INNODB_SYS_FOREIGN'
2017-08-26 03:32:01 9816 [Note] Shutting down plugin 'INNODB_SYS_FIELDS'
2017-08-26 03:32:01 9816 [Note] Shutting down plugin 'INNODB_SYS_COLUMNS'
2017-08-26 03:32:01 9816 [Note] Shutting down plugin 'INNODB_SYS_INDEXES'
2017-08-26 03:32:01 9816 [Note] Shutting down plugin 'INNODB_SYS_TABLESTATS'
2017-08-26 03:32:01 9816 [Note] Shutting down plugin 'INNODB_SYS_TABLES'
2017-08-26 03:32:01 9816 [Note] Shutting down plugin 'INNODB_FT_INDEX_TABLE'
2017-08-26 03:32:01 9816 [Note] Shutting down plugin 'INNODB_FT_INDEX_CACHE'
2017-08-26 03:32:01 9816 [Note] Shutting down plugin 'INNODB_FT_CONFIG'
2017-08-26 03:32:01 9816 [Note] Shutting down plugin 'INNODB_FT_BEING_DELETED'
2017-08-26 03:32:01 9816 [Note] Shutting down plugin 'INNODB_FT_DELETED'
2017-08-26 03:32:01 9816 [Note] Shutting down plugin 'INNODB_FT_DEFAULT_STOPWORD'
2017-08-26 03:32:01 9816 [Note] Shutting down plugin 'INNODB_METRICS'
2017-08-26 03:32:01 9816 [Note] Shutting down plugin 'INNODB_BUFFER_POOL_STATS'
2017-08-26 03:32:01 9816 [Note] Shutting down plugin 'INNODB_BUFFER_PAGE_LRU'
2017-08-26 03:32:01 9816 [Note] Shutting down plugin 'INNODB_BUFFER_PAGE'
2017-08-26 03:32:01 9816 [Note] Shutting down plugin 'INNODB_CMP_PER_INDEX_RESET'
2017-08-26 03:32:01 9816 [Note] Shutting down plugin 'INNODB_CMP_PER_INDEX'
2017-08-26 03:32:01 9816 [Note] Shutting down plugin 'INNODB_CMPMEM_RESET'
2017-08-26 03:32:01 9816 [Note] Shutting down plugin 'INNODB_CMPMEM'
2017-08-26 03:32:01 9816 [Note] Shutting down plugin 'INNODB_CMP_RESET'
2017-08-26 03:32:01 9816 [Note] Shutting down plugin 'INNODB_CMP'
2017-08-26 03:32:01 9816 [Note] Shutting down plugin 'INNODB_LOCK_WAITS'
2017-08-26 03:32:01 9816 [Note] Shutting down plugin 'INNODB_LOCKS'
2017-08-26 03:32:01 9816 [Note] Shutting down plugin 'INNODB_TRX'
2017-08-26 03:32:01 9816 [Note] Shutting down plugin 'InnoDB'
2017-08-26 03:32:01 9816 [Note] InnoDB: FTS optimize thread exiting.
2017-08-26 03:32:01 9816 [Note] InnoDB: Starting shutdown...
2017-08-26 03:32:02 9816 [Note] InnoDB: Shutdown completed; log sequence number 1626646
2017-08-26 03:32:02 9816 [Note] Shutting down plugin 'BLACKHOLE'
2017-08-26 03:32:02 9816 [Note] Shutting down plugin 'ARCHIVE'
2017-08-26 03:32:02 9816 [Note] Shutting down plugin 'MRG_MYISAM'
2017-08-26 03:32:02 9816 [Note] Shutting down plugin 'MyISAM'
2017-08-26 03:32:02 9816 [Note] Shutting down plugin 'MEMORY'
2017-08-26 03:32:02 9816 [Note] Shutting down plugin 'CSV'
2017-08-26 03:32:02 9816 [Note] Shutting down plugin 'sha256_password'
2017-08-26 03:32:02 9816 [Note] Shutting down plugin 'mysql_old_password'
2017-08-26 03:32:02 9816 [Note] Shutting down plugin 'mysql_native_password'
2017-08-26 03:32:02 9816 [Note] Shutting down plugin 'binlog'
2017-08-26 03:32:02 9816 [Note] C:\Users\Marcos\OneDrive\Documentos\Tor Browser\USBWebserver v8.6/mysql/bin/mysqld_usbwv8.exe: Shutdown complete

2017-08-26 03:32:35 10328 [Note] Plugin 'FEDERATED' is disabled.
2017-08-26 03:32:35 10328 [Note] InnoDB: The InnoDB memory heap is disabled
2017-08-26 03:32:35 10328 [Note] InnoDB: Mutexes and rw_locks use Windows interlocked functions
2017-08-26 03:32:35 10328 [Note] InnoDB: Compressed tables use zlib 1.2.3
2017-08-26 03:32:35 10328 [Note] InnoDB: Not using CPU crc32 instructions
2017-08-26 03:32:35 10328 [Note] InnoDB: Initializing buffer pool, size = 128.0M
2017-08-26 03:32:35 10328 [Note] InnoDB: Completed initialization of buffer pool
2017-08-26 03:32:35 10328 [Note] InnoDB: Highest supported file format is Barracuda.
2017-08-26 03:32:36 10328 [Note] InnoDB: 128 rollback segment(s) are active.
2017-08-26 03:32:36 10328 [Note] InnoDB: Waiting for purge to start
2017-08-26 03:32:36 10328 [Note] InnoDB: 5.6.13 started; log sequence number 1626646
2017-08-26 03:32:36 10328 [Note] Server hostname (bind-address): '*'; port: 3308
2017-08-26 03:32:36 10328 [Note] IPv6 is available.
2017-08-26 03:32:36 10328 [Note]   - '::' resolves to '::';
2017-08-26 03:32:36 10328 [Note] Server socket created on IP: '::'.
2017-08-26 03:39:20 5060 [Note] Plugin 'FEDERATED' is disabled.
2017-08-26 03:39:20 5060 [Note] InnoDB: The InnoDB memory heap is disabled
2017-08-26 03:39:20 5060 [Note] InnoDB: Mutexes and rw_locks use Windows interlocked functions
2017-08-26 03:39:20 5060 [Note] InnoDB: Compressed tables use zlib 1.2.3
2017-08-26 03:39:20 5060 [Note] InnoDB: Not using CPU crc32 instructions
2017-08-26 03:39:20 5060 [Note] InnoDB: Initializing buffer pool, size = 128.0M
2017-08-26 03:39:20 5060 [Note] InnoDB: Completed initialization of buffer pool
2017-08-26 03:39:20 5060 [Note] InnoDB: Highest supported file format is Barracuda.
2017-08-26 03:39:20 5060 [Note] InnoDB: The log sequence numbers 1626646 and 1626646 in ibdata files do not match the log sequence number 3227001 in the ib_logfiles!
2017-08-26 03:39:20 5060 [Note] InnoDB: Database was not shutdown normally!
2017-08-26 03:39:20 5060 [Note] InnoDB: Starting crash recovery.
2017-08-26 03:39:20 5060 [Note] InnoDB: Reading tablespace information from the .ibd files...
2017-08-26 03:39:20 5060 [Note] InnoDB: Restoring possible half-written data pages 
2017-08-26 03:39:20 5060 [Note] InnoDB: from the doublewrite buffer...
2017-08-26 03:39:21 5060 [Note] InnoDB: 128 rollback segment(s) are active.
2017-08-26 03:39:21 5060 [Note] InnoDB: Waiting for purge to start
2017-08-26 03:39:21 5060 [Note] InnoDB: 5.6.13 started; log sequence number 3227001
2017-08-26 03:39:21 5060 [Note] Server hostname (bind-address): '*'; port: 3308
2017-08-26 03:39:21 5060 [Note] IPv6 is available.
2017-08-26 03:39:21 5060 [Note]   - '::' resolves to '::';
2017-08-26 03:39:21 5060 [Note] Server socket created on IP: '::'.
2017-08-26 11:14:51 7028 [Note] Plugin 'FEDERATED' is disabled.
2017-08-26 11:14:51 7028 [Note] InnoDB: The InnoDB memory heap is disabled
2017-08-26 11:14:51 7028 [Note] InnoDB: Mutexes and rw_locks use Windows interlocked functions
2017-08-26 11:14:51 7028 [Note] InnoDB: Compressed tables use zlib 1.2.3
2017-08-26 11:14:51 7028 [Note] InnoDB: Not using CPU crc32 instructions
2017-08-26 11:14:51 7028 [Note] InnoDB: Initializing buffer pool, size = 128.0M
2017-08-26 11:14:51 7028 [Note] InnoDB: Completed initialization of buffer pool
2017-08-26 11:14:51 7028 [Note] InnoDB: Highest supported file format is Barracuda.
2017-08-26 11:14:51 7028 [Note] InnoDB: The log sequence numbers 1626646 and 1626646 in ibdata files do not match the log sequence number 3596899 in the ib_logfiles!
2017-08-26 11:14:51 7028 [Note] InnoDB: Database was not shutdown normally!
2017-08-26 11:14:51 7028 [Note] InnoDB: Starting crash recovery.
2017-08-26 11:14:51 7028 [Note] InnoDB: Reading tablespace information from the .ibd files...
2017-08-26 11:14:51 7028 [Note] InnoDB: Restoring possible half-written data pages 
2017-08-26 11:14:51 7028 [Note] InnoDB: from the doublewrite buffer...
2017-08-26 11:14:52 7028 [Note] InnoDB: 128 rollback segment(s) are active.
2017-08-26 11:14:52 7028 [Note] InnoDB: Waiting for purge to start
2017-08-26 11:14:52 7028 [Note] InnoDB: 5.6.13 started; log sequence number 3596899
2017-08-26 11:14:52 7028 [Note] Server hostname (bind-address): '*'; port: 3308
2017-08-26 11:14:52 7028 [Note] IPv6 is available.
2017-08-26 11:14:52 7028 [Note]   - '::' resolves to '::';
2017-08-26 11:14:52 7028 [Note] Server socket created on IP: '::'.
2017-08-26 11:22:10 10480 [Note] Plugin 'FEDERATED' is disabled.
2017-08-26 11:22:10 10480 [Note] InnoDB: The InnoDB memory heap is disabled
2017-08-26 11:22:10 10480 [Note] InnoDB: Mutexes and rw_locks use Windows interlocked functions
2017-08-26 11:22:10 10480 [Note] InnoDB: Compressed tables use zlib 1.2.3
2017-08-26 11:22:10 10480 [Note] InnoDB: Not using CPU crc32 instructions
2017-08-26 11:22:10 10480 [Note] InnoDB: Initializing buffer pool, size = 128.0M
2017-08-26 11:22:10 10480 [Note] InnoDB: Completed initialization of buffer pool
2017-08-26 11:22:10 10480 [Note] InnoDB: Highest supported file format is Barracuda.
2017-08-26 11:22:10 10480 [Note] InnoDB: The log sequence numbers 1626646 and 1626646 in ibdata files do not match the log sequence number 3596909 in the ib_logfiles!
2017-08-26 11:22:10 10480 [Note] InnoDB: Database was not shutdown normally!
2017-08-26 11:22:10 10480 [Note] InnoDB: Starting crash recovery.
2017-08-26 11:22:10 10480 [Note] InnoDB: Reading tablespace information from the .ibd files...
2017-08-26 11:22:11 10480 [Note] InnoDB: Restoring possible half-written data pages 
2017-08-26 11:22:11 10480 [Note] InnoDB: from the doublewrite buffer...
2017-08-26 11:22:11 10480 [Note] InnoDB: 128 rollback segment(s) are active.
2017-08-26 11:22:11 10480 [Note] InnoDB: Waiting for purge to start
2017-08-26 11:22:11 10480 [Note] InnoDB: 5.6.13 started; log sequence number 3596909
2017-08-26 11:22:11 10480 [Note] Server hostname (bind-address): '*'; port: 3308
2017-08-26 11:22:11 10480 [Note] IPv6 is available.
2017-08-26 11:22:11 10480 [Note]   - '::' resolves to '::';
2017-08-26 11:22:11 10480 [Note] Server socket created on IP: '::'.
2017-08-26 20:07:39 2752 [Note] Plugin 'FEDERATED' is disabled.
2017-08-26 20:07:39 2752 [Note] InnoDB: The InnoDB memory heap is disabled
2017-08-26 20:07:39 2752 [Note] InnoDB: Mutexes and rw_locks use Windows interlocked functions
2017-08-26 20:07:39 2752 [Note] InnoDB: Compressed tables use zlib 1.2.3
2017-08-26 20:07:39 2752 [Note] InnoDB: Not using CPU crc32 instructions
2017-08-26 20:07:39 2752 [Note] InnoDB: Initializing buffer pool, size = 128.0M
2017-08-26 20:07:39 2752 [Note] InnoDB: Completed initialization of buffer pool
2017-08-26 20:07:40 2752 [Note] InnoDB: Highest supported file format is Barracuda.
2017-08-26 20:07:40 2752 [Note] InnoDB: The log sequence numbers 1626646 and 1626646 in ibdata files do not match the log sequence number 3596929 in the ib_logfiles!
2017-08-26 20:07:40 2752 [Note] InnoDB: Database was not shutdown normally!
2017-08-26 20:07:40 2752 [Note] InnoDB: Starting crash recovery.
2017-08-26 20:07:40 2752 [Note] InnoDB: Reading tablespace information from the .ibd files...
2017-08-26 20:07:41 2752 [Note] InnoDB: Restoring possible half-written data pages 
2017-08-26 20:07:41 2752 [Note] InnoDB: from the doublewrite buffer...
2017-08-26 20:07:41 2752 [Note] InnoDB: 128 rollback segment(s) are active.
2017-08-26 20:07:41 2752 [Note] InnoDB: Waiting for purge to start
2017-08-26 20:07:41 2752 [Note] InnoDB: 5.6.13 started; log sequence number 3596929
2017-08-26 20:07:41 2752 [Note] Server hostname (bind-address): '*'; port: 3308
2017-08-26 20:07:41 2752 [Note] IPv6 is available.
2017-08-26 20:07:41 2752 [Note]   - '::' resolves to '::';
2017-08-26 20:07:41 2752 [Note] Server socket created on IP: '::'.
